=== Quality Gate 2026-03-16T10:21:50.8634837-04:00 ===
--- ruff check --fix ---
All checks passed!
--- ruff format ---
121 files left unchanged
--- pytest ---
........................................................................ [ 62%]
............................................                             [100%]
116 passed in 10.73s
=== Quality Gate ===
--- ruff check --fix ---
All checks passed!
--- ruff format ---
2 files reformatted, 170 files left unchanged
--- pytest ---
........................................................................ [ 20%]
........................................................................ [ 41%]
........................................................................ [ 62%]
........................................................................ [ 83%]
.......................................................                  [100%]
343 passed in 109.51s (0:01:49)
=== Quality Gate ===
--- ruff check --fix ---
All checks passed!
--- ruff format ---
1 file reformatted, 171 files left unchanged
--- pytest ---
........................................................................ [ 20%]
........................................................................ [ 41%]
........................................................................ [ 62%]
........................................................................ [ 83%]
.........................................................                [100%]
345 passed in 104.91s (0:01:44)
